<?xml version="1.0" encoding="UTF-8"?>
<!-- Generated by org.testng.reporters.JUnitReportReporter -->
<testsuite hostname="DESKTOP-7HQSQ59" failures="0" tests="2" name="Test_Demo.MultipleBrowser" time="35.430" errors="0" timestamp="2024-06-22T11:24:56 IST" skipped="0">
  <testcase classname="Test_Demo.MultipleBrowser" name="MobilePhone" time="2.239"/>
  <testcase classname="Test_Demo.MultipleBrowser" name="Electronices" time="33.191"/>
</testsuite> <!-- Test_Demo.MultipleBrowser -->
