<?xml version="1.0" encoding="UTF-8"?>
<!-- Generated by org.testng.reporters.JUnitReportReporter -->
<testsuite hostname="DESKTOP-7HQSQ59" failures="0" tests="1" name="Test_Demo.GG" time="0.006" errors="0" timestamp="2024-06-22T12:42:42 IST" skipped="0">
  <testcase classname="Test_Demo.GG" name="f5" time="0.006"/>
</testsuite> <!-- Test_Demo.GG -->
