<?xml version="1.0" encoding="UTF-8"?>
<!-- Generated by org.testng.reporters.JUnitReportReporter -->
<testsuite hostname="DESKTOP-7HQSQ59" failures="0" tests="6" name="Test_Demo.GroupTestRun" time="0.013" errors="0" timestamp="2024-05-11T12:00:12 IST" skipped="0">
  <testcase classname="Test_Demo.GroupTestRun" name="TestCase4" time="0.002"/>
  <testcase classname="Test_Demo.GroupTestRun" name="TestCase7" time="0.001"/>
  <testcase classname="Test_Demo.GroupTestRun" name="TestCase1" time="0.006"/>
  <testcase classname="Test_Demo.GroupTestRun" name="TestCase5" time="0.002"/>
  <testcase classname="Test_Demo.GroupTestRun" name="TestCase2" time="0.001"/>
  <testcase classname="Test_Demo.GroupTestRun" name="TestCase3" time="0.001"/>
</testsuite> <!-- Test_Demo.GroupTestRun -->
