<?xml version="1.0" encoding="UTF-8"?>
<!-- Generated by org.testng.reporters.JUnitReportReporter -->
<testsuite hostname="DESKTOP-7HQSQ59" failures="0" tests="1" name="Test_Demo.MyntraTest" time="6.039" errors="0" timestamp="2024-06-22T13:09:41 IST" skipped="0">
  <testcase classname="Test_Demo.MyntraTest" name="Myntra" time="6.039"/>
</testsuite> <!-- Test_Demo.MyntraTest -->
