<?xml version="1.0" encoding="UTF-8"?>
<!-- Generated by org.testng.reporters.JUnitReportReporter -->
<testsuite hostname="DESKTOP-7HQSQ59" failures="0" tests="2" name="Test_Demo.FirstTestAnnotation" time="90.967" errors="0" timestamp="2024-05-09T12:33:10 IST" skipped="0">
  <testcase classname="Test_Demo.FirstTestAnnotation" name="MobilePhone" time="2.237"/>
  <testcase classname="Test_Demo.FirstTestAnnotation" name="Electronics" time="88.730"/>
</testsuite> <!-- Test_Demo.FirstTestAnnotation -->
